-------------------------------------------------------------------------------
Test set: com.energy.users.EnergyUsersApplicationTests
-------------------------------------------------------------------------------
Tests run: 1, Failures: 0, Errors: 1, Skipped: 0, Time elapsed: 7.23 s <<< FAILURE! - in com.energy.users.EnergyUsersApplicationTests
contextLoads  Time elapsed: 0.002 s  <<< ERROR!
java.lang.IllegalStateException: Failed to load ApplicationContext
Caused by: org.springframework.beans.factory.BeanCreationException: Error creating bean with name 'userRepository' defined in com.energy.users.repository.UserRepository defined in @EnableJpaRepositories declared on JpaRepositoriesRegistrar.EnableJpaRepositoriesConfiguration: Cannot resolve reference to bean 'jpaMappingContext' while setting bean property 'mappingContext'; nested exception is org.springframework.beans.factory.BeanCreationException: Error creating bean with name 'jpaMappingContext': Invocation of init method failed; nested exception is javax.persistence.PersistenceException: [PersistenceUnit: default] Unable to build Hibernate SessionFactory; nested exception is java.lang.RuntimeException: Driver org.postgresql.Driver claims to not accept jdbcUrl, postgres://pqtqcapvckdkbe:e8ab18c76716af3e7ad4c4769df95d9279eb9b086b2201a7973940345fd2405c@ec2-50-16-221-180.compute-1.amazonaws.com:5432/d750fh1ikh3sq1?sslmode=require&user=pqtqcapvckdkbe&password=<masked>
Caused by: org.springframework.beans.factory.BeanCreationException: Error creating bean with name 'jpaMappingContext': Invocation of init method failed; nested exception is javax.persistence.PersistenceException: [PersistenceUnit: default] Unable to build Hibernate SessionFactory; nested exception is java.lang.RuntimeException: Driver org.postgresql.Driver claims to not accept jdbcUrl, postgres://pqtqcapvckdkbe:e8ab18c76716af3e7ad4c4769df95d9279eb9b086b2201a7973940345fd2405c@ec2-50-16-221-180.compute-1.amazonaws.com:5432/d750fh1ikh3sq1?sslmode=require&user=pqtqcapvckdkbe&password=<masked>
Caused by: javax.persistence.PersistenceException: [PersistenceUnit: default] Unable to build Hibernate SessionFactory; nested exception is java.lang.RuntimeException: Driver org.postgresql.Driver claims to not accept jdbcUrl, postgres://pqtqcapvckdkbe:e8ab18c76716af3e7ad4c4769df95d9279eb9b086b2201a7973940345fd2405c@ec2-50-16-221-180.compute-1.amazonaws.com:5432/d750fh1ikh3sq1?sslmode=require&user=pqtqcapvckdkbe&password=<masked>
Caused by: java.lang.RuntimeException: Driver org.postgresql.Driver claims to not accept jdbcUrl, postgres://pqtqcapvckdkbe:e8ab18c76716af3e7ad4c4769df95d9279eb9b086b2201a7973940345fd2405c@ec2-50-16-221-180.compute-1.amazonaws.com:5432/d750fh1ikh3sq1?sslmode=require&user=pqtqcapvckdkbe&password=<masked>

